2025-03-25 14:12:52 - []
2025-03-29 12:40:31 - [
    {
        "call_log_id": "phone|d828b303-ce26-4407-b017-38e3beaaa01d",
        "listing_reference": "",
        "lead_id": "phone|d828b303-ce26-4407-b017-38e3beaaa01d",
        "object_type_id": 1,
        "object_id": 104411,
        "stats_ip_id": "phone|d828b303-ce26-4407-b017-38e3beaaa01d",
        "date": "2025-03-25",
        "time": "15:26:28",
        "role_id": 0,
        "caller_number": "+971505751004",
        "proxy_number": "+97142488392",
        "receiver_numbers_list": "",
        "receiver_number": "+971585584408",
        "call_status": "connected",
        "call_total_duration": "00:03:26",
        "call_connected_duration": "00:03:18",
        "call_time": null,
        "call_pickup_time": null,
        "call_recordingurl": "https:\/\/sr.knowlarity.com\/vr\/fetchsound\/?callid=576f66a0-fb4a-4bc0-ad61-9b3f872b3ab0",
        "caller_location": null,
        "source": null,
        "is_object_fecthed": 0,
        "reference_log_id": 0,
        "call_type": null
    }
]
2025-03-29 12:43:50 - [
    {
        "call_log_id": "phone|d828b303-ce26-4407-b017-38e3beaaa01d",
        "listing_reference": "",
        "lead_id": "phone|d828b303-ce26-4407-b017-38e3beaaa01d",
        "object_type_id": 1,
        "object_id": 104411,
        "stats_ip_id": "phone|d828b303-ce26-4407-b017-38e3beaaa01d",
        "date": "2025-03-25",
        "time": "15:26:28",
        "role_id": 0,
        "caller_number": "+971505751004",
        "proxy_number": "+97142488392",
        "receiver_numbers_list": "",
        "receiver_number": "+971585584408",
        "call_status": "connected",
        "call_total_duration": "00:03:26",
        "call_connected_duration": "00:03:18",
        "call_time": null,
        "call_pickup_time": null,
        "call_recordingurl": "https:\/\/sr.knowlarity.com\/vr\/fetchsound\/?callid=576f66a0-fb4a-4bc0-ad61-9b3f872b3ab0",
        "caller_location": null,
        "source": null,
        "is_object_fecthed": 0,
        "reference_log_id": 0,
        "call_type": null
    }
]
2025-03-29 12:44:29 - [
    {
        "call_log_id": "phone|d828b303-ce26-4407-b017-38e3beaaa01d",
        "listing_reference": "",
        "lead_id": "phone|d828b303-ce26-4407-b017-38e3beaaa01d",
        "object_type_id": 1,
        "object_id": 104411,
        "stats_ip_id": "phone|d828b303-ce26-4407-b017-38e3beaaa01d",
        "date": "2025-03-25",
        "time": "15:26:28",
        "role_id": 0,
        "caller_number": "+971505751004",
        "proxy_number": "+97142488392",
        "receiver_numbers_list": "",
        "receiver_number": "+971585584408",
        "call_status": "connected",
        "call_total_duration": "00:03:26",
        "call_connected_duration": "00:03:18",
        "call_time": null,
        "call_pickup_time": null,
        "call_recordingurl": "https:\/\/sr.knowlarity.com\/vr\/fetchsound\/?callid=576f66a0-fb4a-4bc0-ad61-9b3f872b3ab0",
        "caller_location": null,
        "source": null,
        "is_object_fecthed": 0,
        "reference_log_id": 0,
        "call_type": null
    }
]
