2025-03-25 14:13:10 - Array
(
    [TITLE] => Bayut - Email - No reference
    [ASSIGNED_BY_ID] => 16
    [SOURCE_ID] => 10
    [UF_CRM_1735998755830] => Maja
    [UF_CRM_1742891769875] => maja.m@egsh.ae
    [UF_CRM_1742891784021] => +971505467033
    [COMMENTS] => I would like to find out more about your agency and properties. Please contact me at your earliest convenience.
    [UF_CRM_1735997531807] => https://www.bayut.com/property/details-0.html
    [UF_CRM_1735998202607] => 
    [OPPORTUNITY] => 
    [CONTACT_ID] => 912
)

2025-03-25 14:13:14 - Array
(
    [TITLE] => Bayut - Email - AP7294
    [ASSIGNED_BY_ID] => 16
    [SOURCE_ID] => 10
    [UF_CRM_1735998755830] => Alessandro Santin
    [UF_CRM_1742891769875] => sandromuseum@gmail.com
    [UF_CRM_1742891784021] => +393389126560
    [COMMENTS] => I would like to inquire about your property Bayut - AP7294. Please contact me at your earliest convenience.
    [UF_CRM_1735997531807] => https://www.bayut.com/property/details-11168045.html
    [UF_CRM_1735998202607] => AP7294
    [OPPORTUNITY] => 1200000
    [CONTACT_ID] => 914
)

2025-03-25 14:13:17 - Array
(
    [TITLE] => Bayut - WhatsApp - AP7427L
    [ASSIGNED_BY_ID] => 16
    [SOURCE_ID] => 9
    [UF_CRM_1701770331658] => Zeidat
    [UF_CRM_62A5B8743F62A] => +972568679579
    [UF_CRM_1735997531807] => https://www.bayut.com/property/details-10813018.html
    [COMMENTS] => Hi, I am interested in your property on Bayut. Link: https://www.bayut.com/pm/10813018/c3a9b58c-1b90-44ac-b4a6-e8861d10ef3c
Reference no.: AP7427L
    [UF_CRM_1739890146108] => AP7427L
    [OPPORTUNITY] => 130000
    [CONTACT_ID] => 916
)

2025-03-25 14:13:20 - Array
(
    [TITLE] => Bayut - WhatsApp - AP7428L
    [ASSIGNED_BY_ID] => 16
    [SOURCE_ID] => 9
    [UF_CRM_1701770331658] => Alejandro Vega González
    [UF_CRM_62A5B8743F62A] => +971501046096
    [UF_CRM_1735997531807] => https://www.bayut.com/property/details-10813558.html
    [COMMENTS] => Hi, I am interested in your property on Bayut: https://www.bayut.com/pm/10813558/a4dc3493-736a-4908-9355-b23d0d5bbae3
Ref: AP7428L
    [UF_CRM_1739890146108] => AP7428L
    [OPPORTUNITY] => 340000
    [CONTACT_ID] => 918
)

2025-03-25 14:13:23 - Array
(
    [TITLE] => Bayut - WhatsApp - AP7400
    [ASSIGNED_BY_ID] => 16
    [SOURCE_ID] => 9
    [UF_CRM_1701770331658] => Miss R@ch@
    [UF_CRM_62A5B8743F62A] => +213675360322
    [UF_CRM_1735997531807] => https://www.bayut.com/property/details-11168066.html
    [COMMENTS] => Hi, I am interested in your property on Bayut. Link: https://www.bayut.com/pm/11168066/f15b5f48-6760-45fe-a9de-e441a4239923
Reference no.: AP7400
    [UF_CRM_1739890146108] => AP7400
    [OPPORTUNITY] => 1150000
    [CONTACT_ID] => 920
)

2025-03-25 14:13:26 - Array
(
    [TITLE] => Bayut - WhatsApp - AP7345
    [ASSIGNED_BY_ID] => 16
    [SOURCE_ID] => 9
    [UF_CRM_1701770331658] => Miss R@ch@
    [UF_CRM_62A5B8743F62A] => +213675360322
    [UF_CRM_1735997531807] => https://www.bayut.com/property/details-11168057.html
    [COMMENTS] => Hi, I am interested in your property on Bayut. Link: https://www.bayut.com/pm/11168057/408836f3-9602-464e-9085-21a41638732c
Reference no.: AP7345
    [UF_CRM_1739890146108] => AP7345
    [OPPORTUNITY] => 1170000
    [CONTACT_ID] => 922
)

2025-03-25 14:13:29 - Array
(
    [TITLE] => Bayut - WhatsApp - AP7434L
    [ASSIGNED_BY_ID] => 16
    [SOURCE_ID] => 9
    [UF_CRM_1701770331658] => Safarov
    [UF_CRM_62A5B8743F62A] => +380687545255
    [UF_CRM_1735997531807] => https://www.bayut.com/property/details-10993873.html
    [COMMENTS] => Hi, I am interested in your property on Bayut. Link: https://www.bayut.com/pm/10993873/37b4453c-7bb5-4669-b850-8519ab1391a2
Reference no.: AP7434L
    [UF_CRM_1739890146108] => AP7434L
    [OPPORTUNITY] => 60000
    [CONTACT_ID] => 924
)

2025-03-25 14:13:36 - Array
(
    [TITLE] => Bayut - WhatsApp - OF7410L
    [ASSIGNED_BY_ID] => 16
    [SOURCE_ID] => 9
    [UF_CRM_1701770331658] => Arsen
    [UF_CRM_62A5B8743F62A] => +37455298527
    [UF_CRM_1735997531807] => https://www.bayut.com/property/details-10519201.html
    [COMMENTS] => Hi, I am interested in your property on Bayut. Link: https://www.bayut.com/pm/10519201/29d56950-392b-440f-a348-d5f42244999f
Reference no.: OF7410L
    [UF_CRM_1739890146108] => OF7410L
    [OPPORTUNITY] => 155000
    [CONTACT_ID] => 926
)

2025-03-29 12:40:47 - Array
(
    [TITLE] => Bayut - Call - No reference
    [ASSIGNED_BY_ID] => 16
    [SOURCE_ID] => 11
    [UF_CRM_1742891784021] => +971505751004
    [COMMENTS] => 
            Receiver Number: +971585584408
            Call Status: connected
            Call Duration: 00:03:26
            Call Connected Duration: 00:03:18
            Call Recording URL: https://sr.knowlarity.com/vr/fetchsound/?callid=576f66a0-fb4a-4bc0-ad61-9b3f872b3ab0
        
    [UF_CRM_1735998202607] => 
    [OPPORTUNITY] => 
    [CONTACT_ID] => 1790
)

2025-03-29 12:40:59 - Array
(
    [TITLE] => Bayut - WhatsApp - VI7293S
    [ASSIGNED_BY_ID] => 16
    [SOURCE_ID] => 9
    [UF_CRM_1735998755830] => Brigitte
    [UF_CRM_1742891784021] => +639911384711
    [UF_CRM_1735997531807] => https://www.bayut.com/property/details-9434669.html
    [COMMENTS] => Hi, I am interested in your property on Bayut. Link: https://www.bayut.com/pm/9434669/d3155561-c1ff-4fd4-b0ab-9f66bea56d3c
Reference no.: VI7293S
    [UF_CRM_1739890146108] => VI7293S
    [OPPORTUNITY] => 13700000
    [CONTACT_ID] => 1792
)

2025-03-29 12:41:02 - Array
(
    [TITLE] => Bayut - WhatsApp - AP7392L
    [ASSIGNED_BY_ID] => 16
    [SOURCE_ID] => 9
    [UF_CRM_1735998755830] => Shakir
    [UF_CRM_1742891784021] => +380687545255
    [UF_CRM_1735997531807] => https://www.bayut.com/property/details-10284221.html
    [COMMENTS] => Hi, I am interested in your property on Bayut. Link: https://www.bayut.com/pm/10284221/f5d9d21a-08ec-4519-a4db-2b58fe4a8e19
Reference no.: AP7392L
    [UF_CRM_1739890146108] => AP7392L
    [OPPORTUNITY] => 160000
    [CONTACT_ID] => 1794
)

2025-03-29 12:41:04 - Array
(
    [TITLE] => Bayut - WhatsApp - AP7437
    [ASSIGNED_BY_ID] => 16
    [SOURCE_ID] => 9
    [UF_CRM_1735998755830] => Business Number
    [UF_CRM_1742891784021] => +917400109747
    [UF_CRM_1735997531807] => https://www.bayut.com/property/details-11168077.html
    [COMMENTS] => Hi, I am interested in your property on Bayut: https://www.bayut.com/pm/11168077/2ca0081a-54f3-4039-a91e-77f6862cf4cc
Ref: AP7437
    [UF_CRM_1739890146108] => AP7437
    [OPPORTUNITY] => 2798999
    [CONTACT_ID] => 1796
)

2025-03-29 12:44:43 - Array
(
    [TITLE] => Bayut - Email - No reference
    [ASSIGNED_BY_ID] => 16
    [SOURCE_ID] => 10
    [UF_CRM_1735998755830] => Maja
    [UF_CRM_LEAD_1741151732792] => Maja
    [UF_CRM_1742891769875] => maja.m@egsh.ae
    [UF_CRM_1742891784021] => +971505467033
    [COMMENTS] => I would like to find out more about your agency and properties. Please contact me at your earliest convenience.
    [UF_CRM_1735997531807] => https://www.bayut.com/property/details-0.html
    [UF_CRM_1735998202607] => 
    [OPPORTUNITY] => 
    [CONTACT_ID] => 1798
)

2025-03-29 12:44:46 - Array
(
    [TITLE] => Bayut - Email - AP7294
    [ASSIGNED_BY_ID] => 16
    [SOURCE_ID] => 10
    [UF_CRM_1735998755830] => Alessandro Santin
    [UF_CRM_LEAD_1741151732792] => Alessandro Santin
    [UF_CRM_1742891769875] => sandromuseum@gmail.com
    [UF_CRM_1742891784021] => +393389126560
    [COMMENTS] => I would like to inquire about your property Bayut - AP7294. Please contact me at your earliest convenience.
    [UF_CRM_1735997531807] => https://www.bayut.com/property/details-11168045.html
    [UF_CRM_1735998202607] => AP7294
    [OPPORTUNITY] => 1200000
    [CONTACT_ID] => 1800
)

2025-03-29 12:44:48 - Array
(
    [TITLE] => Bayut - Call - No reference
    [ASSIGNED_BY_ID] => 16
    [SOURCE_ID] => 11
    [UF_CRM_1742891784021] => +971505751004
    [COMMENTS] => 
            Receiver Number: +971585584408
            Call Status: connected
            Call Duration: 00:03:26
            Call Connected Duration: 00:03:18
            Call Recording URL: https://sr.knowlarity.com/vr/fetchsound/?callid=576f66a0-fb4a-4bc0-ad61-9b3f872b3ab0
        
    [UF_CRM_1735998202607] => 
    [OPPORTUNITY] => 
    [CONTACT_ID] => 1802
)

2025-03-29 12:45:01 - Array
(
    [TITLE] => Bayut - WhatsApp - VI7293S
    [ASSIGNED_BY_ID] => 16
    [SOURCE_ID] => 9
    [UF_CRM_1735998755830] => Brigitte
    [UF_CRM_LEAD_1741151732792] => Brigitte
    [UF_CRM_1742891784021] => +639911384711
    [UF_CRM_1735997531807] => https://www.bayut.com/property/details-9434669.html
    [COMMENTS] => Hi, I am interested in your property on Bayut. Link: https://www.bayut.com/pm/9434669/d3155561-c1ff-4fd4-b0ab-9f66bea56d3c
Reference no.: VI7293S
    [UF_CRM_1739890146108] => VI7293S
    [OPPORTUNITY] => 13700000
    [CONTACT_ID] => 1804
)

2025-03-29 12:45:04 - Array
(
    [TITLE] => Bayut - WhatsApp - AP7392L
    [ASSIGNED_BY_ID] => 16
    [SOURCE_ID] => 9
    [UF_CRM_1735998755830] => Shakir
    [UF_CRM_LEAD_1741151732792] => Shakir
    [UF_CRM_1742891784021] => +380687545255
    [UF_CRM_1735997531807] => https://www.bayut.com/property/details-10284221.html
    [COMMENTS] => Hi, I am interested in your property on Bayut. Link: https://www.bayut.com/pm/10284221/f5d9d21a-08ec-4519-a4db-2b58fe4a8e19
Reference no.: AP7392L
    [UF_CRM_1739890146108] => AP7392L
    [OPPORTUNITY] => 160000
    [CONTACT_ID] => 1806
)

2025-03-29 12:45:06 - Array
(
    [TITLE] => Bayut - WhatsApp - AP7437
    [ASSIGNED_BY_ID] => 16
    [SOURCE_ID] => 9
    [UF_CRM_1735998755830] => Business Number
    [UF_CRM_LEAD_1741151732792] => Business Number
    [UF_CRM_1742891784021] => +917400109747
    [UF_CRM_1735997531807] => https://www.bayut.com/property/details-11168077.html
    [COMMENTS] => Hi, I am interested in your property on Bayut: https://www.bayut.com/pm/11168077/2ca0081a-54f3-4039-a91e-77f6862cf4cc
Ref: AP7437
    [UF_CRM_1739890146108] => AP7437
    [OPPORTUNITY] => 2798999
    [CONTACT_ID] => 1808
)

2025-03-29 12:45:09 - Array
(
    [TITLE] => Bayut - WhatsApp - AP7427L
    [ASSIGNED_BY_ID] => 16
    [SOURCE_ID] => 9
    [UF_CRM_1735998755830] => Zeidat
    [UF_CRM_LEAD_1741151732792] => Zeidat
    [UF_CRM_1742891784021] => +972568679579
    [UF_CRM_1735997531807] => https://www.bayut.com/property/details-10813018.html
    [COMMENTS] => Hi, I am interested in your property on Bayut. Link: https://www.bayut.com/pm/10813018/c3a9b58c-1b90-44ac-b4a6-e8861d10ef3c
Reference no.: AP7427L
    [UF_CRM_1739890146108] => AP7427L
    [OPPORTUNITY] => 130000
    [CONTACT_ID] => 1810
)

2025-03-29 12:45:12 - Array
(
    [TITLE] => Bayut - WhatsApp - AP7428L
    [ASSIGNED_BY_ID] => 16
    [SOURCE_ID] => 9
    [UF_CRM_1735998755830] => Alejandro Vega González
    [UF_CRM_LEAD_1741151732792] => Alejandro Vega González
    [UF_CRM_1742891784021] => +971501046096
    [UF_CRM_1735997531807] => https://www.bayut.com/property/details-10813558.html
    [COMMENTS] => Hi, I am interested in your property on Bayut: https://www.bayut.com/pm/10813558/a4dc3493-736a-4908-9355-b23d0d5bbae3
Ref: AP7428L
    [UF_CRM_1739890146108] => AP7428L
    [OPPORTUNITY] => 340000
    [CONTACT_ID] => 1812
)

2025-03-29 12:45:14 - Array
(
    [TITLE] => Bayut - WhatsApp - AP7400
    [ASSIGNED_BY_ID] => 16
    [SOURCE_ID] => 9
    [UF_CRM_1735998755830] => Miss R@ch@
    [UF_CRM_LEAD_1741151732792] => Miss R@ch@
    [UF_CRM_1742891784021] => +213675360322
    [UF_CRM_1735997531807] => https://www.bayut.com/property/details-11168066.html
    [COMMENTS] => Hi, I am interested in your property on Bayut. Link: https://www.bayut.com/pm/11168066/f15b5f48-6760-45fe-a9de-e441a4239923
Reference no.: AP7400
    [UF_CRM_1739890146108] => AP7400
    [OPPORTUNITY] => 1150000
    [CONTACT_ID] => 1814
)

2025-03-29 12:45:17 - Array
(
    [TITLE] => Bayut - WhatsApp - AP7345
    [ASSIGNED_BY_ID] => 16
    [SOURCE_ID] => 9
    [UF_CRM_1735998755830] => Miss R@ch@
    [UF_CRM_LEAD_1741151732792] => Miss R@ch@
    [UF_CRM_1742891784021] => +213675360322
    [UF_CRM_1735997531807] => https://www.bayut.com/property/details-11168057.html
    [COMMENTS] => Hi, I am interested in your property on Bayut. Link: https://www.bayut.com/pm/11168057/408836f3-9602-464e-9085-21a41638732c
Reference no.: AP7345
    [UF_CRM_1739890146108] => AP7345
    [OPPORTUNITY] => 1170000
    [CONTACT_ID] => 1816
)

2025-03-29 12:45:19 - Array
(
    [TITLE] => Bayut - WhatsApp - AP7434L
    [ASSIGNED_BY_ID] => 16
    [SOURCE_ID] => 9
    [UF_CRM_1735998755830] => Safarov
    [UF_CRM_LEAD_1741151732792] => Safarov
    [UF_CRM_1742891784021] => +380687545255
    [UF_CRM_1735997531807] => https://www.bayut.com/property/details-10993873.html
    [COMMENTS] => Hi, I am interested in your property on Bayut. Link: https://www.bayut.com/pm/10993873/37b4453c-7bb5-4669-b850-8519ab1391a2
Reference no.: AP7434L
    [UF_CRM_1739890146108] => AP7434L
    [OPPORTUNITY] => 60000
    [CONTACT_ID] => 1818
)

2025-03-29 12:45:22 - Array
(
    [TITLE] => Bayut - WhatsApp - OF7410L
    [ASSIGNED_BY_ID] => 16
    [SOURCE_ID] => 9
    [UF_CRM_1735998755830] => Arsen
    [UF_CRM_LEAD_1741151732792] => Arsen
    [UF_CRM_1742891784021] => +37455298527
    [UF_CRM_1735997531807] => https://www.bayut.com/property/details-10519201.html
    [COMMENTS] => Hi, I am interested in your property on Bayut. Link: https://www.bayut.com/pm/10519201/29d56950-392b-440f-a348-d5f42244999f
Reference no.: OF7410L
    [UF_CRM_1739890146108] => OF7410L
    [OPPORTUNITY] => 155000
    [CONTACT_ID] => 1820
)

