2025-03-29 12:40:57 - Array
(
    [CALL_ID] => externalCall.a5df1a17bc139d2a25679e7b358fdb9a.1743232251
    [EXTERNAL_CALL_ID] => 
    [PORTAL_USER_ID] => 16
    [PHONE_NUMBER] => +971505751004
    [PORTAL_NUMBER] => Bayut +971585584408
    [INCOMING] => 2
    [CALL_DURATION] => 198
    [CALL_START_DATE] => Array
        (
        )

    [CALL_STATUS] => 1
    [CALL_VOTE] => 0
    [COST] => 0
    [COST_CURRENCY] => 
    [CALL_FAILED_CODE] => 200
    [CALL_FAILED_REASON] => 
    [REST_APP_ID] => 
    [REST_APP_NAME] => 
    [CRM_ACTIVITY_ID] => 2058
    [COMMENT] => 
    [CRM_ENTITY_TYPE] => LEAD
    [CRM_ENTITY_ID] => 128
    [ID] => 6
)

2025-03-29 12:45:00 - Array
(
    [CALL_ID] => externalCall.c94ccc7872fb547e8917c51c096b1a38.1743232494
    [EXTERNAL_CALL_ID] => 
    [PORTAL_USER_ID] => 16
    [PHONE_NUMBER] => +971505751004
    [PORTAL_NUMBER] => Bayut +971585584408
    [INCOMING] => 2
    [CALL_DURATION] => 198
    [CALL_START_DATE] => Array
        (
        )

    [CALL_STATUS] => 1
    [CALL_VOTE] => 0
    [COST] => 0
    [COST_CURRENCY] => 
    [CALL_FAILED_CODE] => 200
    [CALL_FAILED_REASON] => 
    [REST_APP_ID] => 
    [REST_APP_NAME] => 
    [CRM_ACTIVITY_ID] => 2072
    [COMMENT] => 
    [CRM_ENTITY_TYPE] => LEAD
    [CRM_ENTITY_ID] => 140
    [ID] => 8
)

